Build started 4/15/2013 1:19:32 AM.
     1>Project "c:\Users\Lux\documents\visual studio 2012\Projects\GillespieSI\GillespieSI\GillespieSI.vcxproj" on node 2 (Build target(s)).
     1>ClCompile:
         C:\Program Files (x86)\Microsoft Visual Studio 11.0\VC\bin\CL.exe /c /Zi /nologo /W3 /WX- /O2 /Oi /Oy- /GL /D WIN32 /D NDEBUG /D _CONSOLE /D _UNICODE /D UNICODE /Gm- /EHsc /MD /GS /Gy /fp:precise /Zc:wchar_t /Zc:forScope /Fo"Release\\" /Fd"Release\vc110.pdb" /Gd /TP /analyze- /errorReport:prompt Gillespie.cpp
         Gillespie.cpp
     1>Gillespie.cpp(58): warning C4244: 'argument' : conversion from 'time_t' to 'unsigned int', possible loss of data
     1>Gillespie.cpp(68): warning C4996: 'strcpy': This function or variable may be unsafe. Consider using strcpy_s instead. To disable deprecation, use _CRT_SECURE_NO_WARNINGS. See online help for details.
                 C:\Program Files (x86)\Microsoft Visual Studio 11.0\VC\include\string.h(110) : see declaration of 'strcpy'
     1>Gillespie.cpp(70): warning C4996: 'fopen': This function or variable may be unsafe. Consider using fopen_s instead. To disable deprecation, use _CRT_SECURE_NO_WARNINGS. See online help for details.
                 C:\Program Files (x86)\Microsoft Visual Studio 11.0\VC\include\stdio.h(218) : see declaration of 'fopen'
     1>Gillespie.cpp(93): warning C4244: '=' : conversion from 'double' to 'int', possible loss of data
     1>Gillespie.cpp(96): warning C4996: 'fopen': This function or variable may be unsafe. Consider using fopen_s instead. To disable deprecation, use _CRT_SECURE_NO_WARNINGS. See online help for details.
                 C:\Program Files (x86)\Microsoft Visual Studio 11.0\VC\include\stdio.h(218) : see declaration of 'fopen'
     1>Gillespie.cpp(61): warning C4101: 'Every' : unreferenced local variable
     1>Gillespie.cpp(60): warning C4101: 'str' : unreferenced local variable
     1>Gillespie.cpp(136): warning C4996: 'fscanf': This function or variable may be unsafe. Consider using fscanf_s instead. To disable deprecation, use _CRT_SECURE_NO_WARNINGS. See online help for details.
                 C:\Program Files (x86)\Microsoft Visual Studio 11.0\VC\include\stdio.h(237) : see declaration of 'fscanf'
     1>Gillespie.cpp(137): warning C4996: 'fscanf': This function or variable may be unsafe. Consider using fscanf_s instead. To disable deprecation, use _CRT_SECURE_NO_WARNINGS. See online help for details.
                 C:\Program Files (x86)\Microsoft Visual Studio 11.0\VC\include\stdio.h(237) : see declaration of 'fscanf'
     1>Gillespie.cpp(139): warning C4996: 'fscanf': This function or variable may be unsafe. Consider using fscanf_s instead. To disable deprecation, use _CRT_SECURE_NO_WARNINGS. See online help for details.
                 C:\Program Files (x86)\Microsoft Visual Studio 11.0\VC\include\stdio.h(237) : see declaration of 'fscanf'
     1>Gillespie.cpp(140): warning C4996: 'fscanf': This function or variable may be unsafe. Consider using fscanf_s instead. To disable deprecation, use _CRT_SECURE_NO_WARNINGS. See online help for details.
                 C:\Program Files (x86)\Microsoft Visual Studio 11.0\VC\include\stdio.h(237) : see declaration of 'fscanf'
     1>Gillespie.cpp(142): warning C4996: 'fscanf': This function or variable may be unsafe. Consider using fscanf_s instead. To disable deprecation, use _CRT_SECURE_NO_WARNINGS. See online help for details.
                 C:\Program Files (x86)\Microsoft Visual Studio 11.0\VC\include\stdio.h(237) : see declaration of 'fscanf'
     1>Gillespie.cpp(143): warning C4996: 'fscanf': This function or variable may be unsafe. Consider using fscanf_s instead. To disable deprecation, use _CRT_SECURE_NO_WARNINGS. See online help for details.
                 C:\Program Files (x86)\Microsoft Visual Studio 11.0\VC\include\stdio.h(237) : see declaration of 'fscanf'
     1>Gillespie.cpp(145): warning C4996: 'fscanf': This function or variable may be unsafe. Consider using fscanf_s instead. To disable deprecation, use _CRT_SECURE_NO_WARNINGS. See online help for details.
                 C:\Program Files (x86)\Microsoft Visual Studio 11.0\VC\include\stdio.h(237) : see declaration of 'fscanf'
     1>Gillespie.cpp(146): warning C4996: 'fscanf': This function or variable may be unsafe. Consider using fscanf_s instead. To disable deprecation, use _CRT_SECURE_NO_WARNINGS. See online help for details.
                 C:\Program Files (x86)\Microsoft Visual Studio 11.0\VC\include\stdio.h(237) : see declaration of 'fscanf'
     1>Gillespie.cpp(148): warning C4996: 'fscanf': This function or variable may be unsafe. Consider using fscanf_s instead. To disable deprecation, use _CRT_SECURE_NO_WARNINGS. See online help for details.
                 C:\Program Files (x86)\Microsoft Visual Studio 11.0\VC\include\stdio.h(237) : see declaration of 'fscanf'
     1>Gillespie.cpp(149): warning C4996: 'fscanf': This function or variable may be unsafe. Consider using fscanf_s instead. To disable deprecation, use _CRT_SECURE_NO_WARNINGS. See online help for details.
                 C:\Program Files (x86)\Microsoft Visual Studio 11.0\VC\include\stdio.h(237) : see declaration of 'fscanf'
     1>Gillespie.cpp(151): warning C4996: 'fscanf': This function or variable may be unsafe. Consider using fscanf_s instead. To disable deprecation, use _CRT_SECURE_NO_WARNINGS. See online help for details.
                 C:\Program Files (x86)\Microsoft Visual Studio 11.0\VC\include\stdio.h(237) : see declaration of 'fscanf'
     1>Gillespie.cpp(152): warning C4996: 'fscanf': This function or variable may be unsafe. Consider using fscanf_s instead. To disable deprecation, use _CRT_SECURE_NO_WARNINGS. See online help for details.
                 C:\Program Files (x86)\Microsoft Visual Studio 11.0\VC\include\stdio.h(237) : see declaration of 'fscanf'
       Link:
         C:\Program Files (x86)\Microsoft Visual Studio 11.0\VC\bin\link.exe /ERRORREPORT:PROMPT /OUT:"c:\users\lux\documents\visual studio 2012\Projects\GillespieSI\Release\GillespieSI.exe" /INCREMENTAL:NO /NOLOGO kernel32.lib user32.lib gdi32.lib winspool.lib comdlg32.lib advapi32.lib shell32.lib ole32.lib oleaut32.lib uuid.lib odbc32.lib odbccp32.lib /MANIFEST /MANIFESTUAC:"level='asInvoker' uiAccess='false'" /manifest:embed /DEBUG /PDB:"c:\users\lux\documents\visual studio 2012\Projects\GillespieSI\Release\GillespieSI.pdb" /SUBSYSTEM:CONSOLE /OPT:REF /OPT:ICF /LTCG /TLBID:1 /DYNAMICBASE /NXCOMPAT /IMPLIB:"c:\users\lux\documents\visual studio 2012\Projects\GillespieSI\Release\GillespieSI.lib" /MACHINE:X86 /SAFESEH Release\Gillespie.obj
         Generating code
         Finished generating code
         GillespieSI.vcxproj -> c:\users\lux\documents\visual studio 2012\Projects\GillespieSI\Release\GillespieSI.exe
     1>Done Building Project "c:\Users\Lux\documents\visual studio 2012\Projects\GillespieSI\GillespieSI\GillespieSI.vcxproj" (Build target(s)).

Build succeeded.

Time Elapsed 00:00:00.32
